#
# There is insufficient memory for the Java Runtime Environment to continue.
# Native memory allocation (malloc) failed to allocate 65552 bytes for Chunk::new
# Possible reasons:
#   The system is out of physical RAM or swap space
#   In 32 bit mode, the process size limit was hit
# Possible solutions:
#   Reduce memory load on the system
#   Increase physical memory or swap space
#   Check if swap backing store is full
#   Use 64 bit Java on a 64 bit OS
#   Decrease Java heap size (-Xmx/-Xms)
#   Decrease number of Java threads
#   Decrease Java thread stack sizes (-Xss)
#   Set larger code cache with -XX:ReservedCodeCacheSize=
# This output file may be truncated or incomplete.
#
#  Out of Memory Error (allocation.cpp:390), pid=1284, tid=0x00000000000023a4
#
# JRE version: OpenJDK Runtime Environment (8.0_152-b06) (build 1.8.0_152-release-1136-b06)
# Java VM: OpenJDK 64-Bit Server VM (25.152-b06 mixed mode windows-amd64 compressed oops)
# Failed to write core dump. Minidumps are not enabled by default on client versions of Windows
#

---------------  T H R E A D  ---------------

Current thread (0x0000000018aad000):  JavaThread "C2 CompilerThread0" daemon [_thread_in_native, id=9124, stack(0x000000001a220000,0x000000001a320000)]

Stack: [0x000000001a220000,0x000000001a320000]
[error occurred during error reporting (printing stack bounds), id 0xc0000005]

Native frames: (J=compiled Java code, j=interpreted, Vv=VM code, C=native code)


Current CompileTask:
C2:   8738 4413       4       org.jetbrains.kotlin.resolve.lazy.ForceResolveUtil::doForceResolveAllContents (203 bytes)


---------------  P R O C E S S  ---------------

Java Threads: ( => current thread )
  0x000000001adb2800 JavaThread "RMI RenewClean-[127.0.0.1:63926,org.jetbrains.kotlin.daemon.common.LoopbackNetworkInterface$ClientLoopbackSocketFactory@327f9ae7]" daemon [_thread_blocked, id=8656, stack(0x000000001c1a0000,0x000000001c2a0000)]
  0x000000001adca800 JavaThread "RMI TCP Connection(2)-127.0.0.1" daemon [_thread_in_vm, id=19336, stack(0x000000001c0a0000,0x000000001c1a0000)]
  0x000000001adc9800 JavaThread "RMI Scheduler(0)" daemon [_thread_blocked, id=12052, stack(0x000000001bfa0000,0x000000001c0a0000)]
  0x000000001ad5f800 JavaThread "RMI TCP Connection(1)-127.0.0.1" daemon [_thread_in_native, id=9340, stack(0x000000001bea0000,0x000000001bfa0000)]
  0x0000000004f62800 JavaThread "DestroyJavaVM" [_thread_blocked, id=14920, stack(0x0000000004e40000,0x0000000004f40000)]
  0x000000001acf8000 JavaThread "GC Daemon" daemon [_thread_blocked, id=16748, stack(0x000000001ba60000,0x000000001bb60000)]
  0x000000001acff000 JavaThread "RMI Reaper" [_thread_blocked, id=11632, stack(0x000000001b960000,0x000000001ba60000)]
  0x000000001ab3d000 JavaThread "Timer-0" daemon [_thread_blocked, id=16668, stack(0x000000001b760000,0x000000001b860000)]
  0x000000001ab3a800 JavaThread "RMI TCP Accept-17238" daemon [_thread_in_native, id=5472, stack(0x000000001b660000,0x000000001b760000)]
  0x000000001a551800 JavaThread "Service Thread" daemon [_thread_blocked, id=4896, stack(0x000000001a920000,0x000000001aa20000)]
  0x0000000018ab4000 JavaThread "C1 CompilerThread2" daemon [_thread_blocked, id=2280, stack(0x000000001a420000,0x000000001a520000)]
  0x0000000018ab0800 JavaThread "C2 CompilerThread1" daemon [_thread_blocked, id=5772, stack(0x000000001a320000,0x000000001a420000)]
=>0x0000000018aad000 JavaThread "C2 CompilerThread0" daemon [_thread_in_native, id=9124, stack(0x000000001a220000,0x000000001a320000)]
  0x0000000018ab9000 JavaThread "Attach Listener" daemon [_thread_blocked, id=17804, stack(0x000000001a120000,0x000000001a220000)]
  0x0000000018ab8000 JavaThread "Signal Dispatcher" daemon [_thread_blocked, id=668, stack(0x000000001a020000,0x000000001a120000)]
  0x000000000505d800 JavaThread "Finalizer" daemon [_thread_blocked, id=13780, stack(0x0000000019d20000,0x0000000019e20000)]
  0x0000000005055000 JavaThread "Reference Handler" daemon [_thread_blocked, id=3960, stack(0x0000000019c20000,0x0000000019d20000)]

Other Threads:
  0x0000000018a76800 VMThread [stack: 0x0000000019b20000,0x0000000019c20000] [id=17800]
  0x000000001a556000 WatcherThread [stack: 0x000000001aa20000,0x000000001ab20000] [id=17176]

VM state:not at safepoint (normal execution)

VM Mutex/Monitor currently owned by a thread: None

Heap:
 PSYoungGen      total 83968K, used 54008K [0x00000000e0000000, 0x00000000e6700000, 0x0000000100000000)
  eden space 73728K, 59% used [0x00000000e0000000,0x00000000e2b07d10,0x00000000e4800000)
  from space 10240K, 97% used [0x00000000e5d00000,0x00000000e66b6428,0x00000000e6700000)
  to   space 14848K, 0% used [0x00000000e4a00000,0x00000000e4a00000,0x00000000e5880000)
 ParOldGen       total 54272K, used 18789K [0x00000000a0000000, 0x00000000a3500000, 0x00000000e0000000)
  object space 54272K, 34% used [0x00000000a0000000,0x00000000a12597d8,0x00000000a3500000)
 Metaspace       used 41532K, capacity 42184K, committed 42536K, reserved 1087488K
  class space    used 5114K, capacity 5305K, committed 5424K, reserved 1048576K

Card table byte_map: [0x0000000014500000,0x0000000014810000] byte_map_base: 0x0000000014000000

Marking Bits: (ParMarkBitMap*) 0x000000006e115aa0
 Begin Bits: [0x0000000014e10000, 0x0000000016610000)
 End Bits:   [0x0000000016610000, 0x0000000017e10000)

Polling page: 0x0000000003650000

CodeCache: size=245760Kb used=13504Kb max_used=13504Kb free=232255Kb
 bounds [0x0000000005140000, 0x0000000005e80000, 0x0000000014140000]
 total_blobs=4735 nmethods=4239 adapters=408
 compilation: enabled

Compilation events (10 events):
Event: 8.712 Thread 0x0000000018ab4000 4429       3       java.util.concurrent.locks.ReentrantReadWriteLock$NonfairSync::readerShouldBlock (5 bytes)
Event: 8.712 Thread 0x0000000018ab4000 nmethod 4429 0x0000000005e57550 code [0x0000000005e576c0, 0x0000000005e578c8]
Event: 8.712 Thread 0x0000000018ab4000 4424   !   3       sun.reflect.GeneratedMethodAccessor23::invoke (68 bytes)
Event: 8.712 Thread 0x0000000018ab4000 nmethod 4424 0x0000000005e724d0 code [0x0000000005e726c0, 0x0000000005e72f58]
Event: 8.712 Thread 0x0000000018ab4000 4426   !   3       sun.reflect.GeneratedMethodAccessor24::invoke (70 bytes)
Event: 8.713 Thread 0x0000000018ab4000 nmethod 4426 0x0000000005e73410 code [0x0000000005e73600, 0x0000000005e73e68]
Event: 8.713 Thread 0x0000000018ab4000 4427   !   3       sun.reflect.GeneratedMethodAccessor25::invoke (70 bytes)
Event: 8.713 Thread 0x0000000018ab4000 nmethod 4427 0x0000000005e74310 code [0x0000000005e74500, 0x0000000005e74d68]
Event: 8.713 Thread 0x0000000018ab4000 4430       3       org.jetbrains.kotlin.metadata.ProtoBuf$Class::getSupertypeCount (10 bytes)
Event: 8.713 Thread 0x0000000018ab4000 nmethod 4430 0x0000000005e75210 code [0x0000000005e75380, 0x0000000005e755a8]

GC Heap History (10 events):
Event: 6.226 GC heap before
{Heap before GC invocations=7 (full 2):
 PSYoungGen      total 37888K, used 32768K [0x00000000e0000000, 0x00000000e4a00000, 0x0000000100000000)
  eden space 32768K, 100% used [0x00000000e0000000,0x00000000e2000000,0x00000000e2000000)
  from space 5120K, 0% used [0x00000000e2500000,0x00000000e2500000,0x00000000e2a00000)
  to   space 5120K, 0% used [0x00000000e2000000,0x00000000e2000000,0x00000000e2500000)
 ParOldGen       total 54272K, used 6759K [0x00000000a0000000, 0x00000000a3500000, 0x00000000e0000000)
  object space 54272K, 12% used [0x00000000a0000000,0x00000000a0699c70,0x00000000a3500000)
 Metaspace       used 25771K, capacity 26240K, committed 26544K, reserved 1073152K
  class space    used 3273K, capacity 3444K, committed 3504K, reserved 1048576K
Event: 6.231 GC heap after
Heap after GC invocations=7 (full 2):
 PSYoungGen      total 37888K, used 5089K [0x00000000e0000000, 0x00000000e4100000, 0x0000000100000000)
  eden space 32768K, 0% used [0x00000000e0000000,0x00000000e0000000,0x00000000e2000000)
  from space 5120K, 99% used [0x00000000e2000000,0x00000000e24f8418,0x00000000e2500000)
  to   space 5120K, 0% used [0x00000000e3c00000,0x00000000e3c00000,0x00000000e4100000)
 ParOldGen       total 54272K, used 8860K [0x00000000a0000000, 0x00000000a3500000, 0x00000000e0000000)
  object space 54272K, 16% used [0x00000000a0000000,0x00000000a08a7048,0x00000000a3500000)
 Metaspace       used 25771K, capacity 26240K, committed 26544K, reserved 1073152K
  class space    used 3273K, capacity 3444K, committed 3504K, reserved 1048576K
}
Event: 6.729 GC heap before
{Heap before GC invocations=8 (full 2):
 PSYoungGen      total 37888K, used 37857K [0x00000000e0000000, 0x00000000e4100000, 0x0000000100000000)
  eden space 32768K, 100% used [0x00000000e0000000,0x00000000e2000000,0x00000000e2000000)
  from space 5120K, 99% used [0x00000000e2000000,0x00000000e24f8418,0x00000000e2500000)
  to   space 5120K, 0% used [0x00000000e3c00000,0x00000000e3c00000,0x00000000e4100000)
 ParOldGen       total 54272K, used 8860K [0x00000000a0000000, 0x00000000a3500000, 0x00000000e0000000)
  object space 54272K, 16% used [0x00000000a0000000,0x00000000a08a7048,0x00000000a3500000)
 Metaspace       used 30478K, capacity 30949K, committed 31408K, reserved 1077248K
  class space    used 3822K, capacity 3963K, committed 4016K, reserved 1048576K
Event: 6.740 GC heap after
Heap after GC invocations=8 (full 2):
 PSYoungGen      total 52736K, used 5106K [0x00000000e0000000, 0x00000000e5180000, 0x0000000100000000)
  eden space 47616K, 0% used [0x00000000e0000000,0x00000000e0000000,0x00000000e2e80000)
  from space 5120K, 99% used [0x00000000e3c00000,0x00000000e40fcb28,0x00000000e4100000)
  to   space 13824K, 0% used [0x00000000e2e80000,0x00000000e2e80000,0x00000000e3c00000)
 ParOldGen       total 54272K, used 15435K [0x00000000a0000000, 0x00000000a3500000, 0x00000000e0000000)
  object space 54272K, 28% used [0x00000000a0000000,0x00000000a0f12cd8,0x00000000a3500000)
 Metaspace       used 30478K, capacity 30949K, committed 31408K, reserved 1077248K
  class space    used 3822K, capacity 3963K, committed 4016K, reserved 1048576K
}
Event: 7.218 GC heap before
{Heap before GC invocations=9 (full 2):
 PSYoungGen      total 52736K, used 31122K [0x00000000e0000000, 0x00000000e5180000, 0x0000000100000000)
  eden space 47616K, 54% used [0x00000000e0000000,0x00000000e1967d80,0x00000000e2e80000)
  from space 5120K, 99% used [0x00000000e3c00000,0x00000000e40fcb28,0x00000000e4100000)
  to   space 13824K, 0% used [0x00000000e2e80000,0x00000000e2e80000,0x00000000e3c00000)
 ParOldGen       total 54272K, used 15435K [0x00000000a0000000, 0x00000000a3500000, 0x00000000e0000000)
  object space 54272K, 28% used [0x00000000a0000000,0x00000000a0f12cd8,0x00000000a3500000)
 Metaspace       used 34689K, capacity 35183K, committed 35496K, reserved 1081344K
  class space    used 4362K, capacity 4514K, committed 4528K, reserved 1048576K
Event: 7.227 GC heap after
Heap after GC invocations=9 (full 2):
 PSYoungGen      total 61440K, used 11656K [0x00000000e0000000, 0x00000000e6b80000, 0x0000000100000000)
  eden space 47616K, 0% used [0x00000000e0000000,0x00000000e0000000,0x00000000e2e80000)
  from space 13824K, 84% used [0x00000000e2e80000,0x00000000e39e22e8,0x00000000e3c00000)
  to   space 14848K, 0% used [0x00000000e5d00000,0x00000000e5d00000,0x00000000e6b80000)
 ParOldGen       total 54272K, used 15457K [0x00000000a0000000, 0x00000000a3500000, 0x00000000e0000000)
  object space 54272K, 28% used [0x00000000a0000000,0x00000000a0f18568,0x00000000a3500000)
 Metaspace       used 34689K, capacity 35183K, committed 35496K, reserved 1081344K
  class space    used 4362K, capacity 4514K, committed 4528K, reserved 1048576K
}
Event: 7.227 GC heap before
{Heap before GC invocations=10 (full 3):
 PSYoungGen      total 61440K, used 11656K [0x00000000e0000000, 0x00000000e6b80000, 0x0000000100000000)
  eden space 47616K, 0% used [0x00000000e0000000,0x00000000e0000000,0x00000000e2e80000)
  from space 13824K, 84% used [0x00000000e2e80000,0x00000000e39e22e8,0x00000000e3c00000)
  to   space 14848K, 0% used [0x00000000e5d00000,0x00000000e5d00000,0x00000000e6b80000)
 ParOldGen       total 54272K, used 15457K [0x00000000a0000000, 0x00000000a3500000, 0x00000000e0000000)
  object space 54272K, 28% used [0x00000000a0000000,0x00000000a0f18568,0x00000000a3500000)
 Metaspace       used 34689K, capacity 35183K, committed 35496K, reserved 1081344K
  class space    used 4362K, capacity 4514K, committed 4528K, reserved 1048576K
Event: 7.319 GC heap after
Heap after GC invocations=10 (full 3):
 PSYoungGen      total 61440K, used 0K [0x00000000e0000000, 0x00000000e6b80000, 0x0000000100000000)
  eden space 47616K, 0% used [0x00000000e0000000,0x00000000e0000000,0x00000000e2e80000)
  from space 13824K, 0% used [0x00000000e2e80000,0x00000000e2e80000,0x00000000e3c00000)
  to   space 14848K, 0% used [0x00000000e5d00000,0x00000000e5d00000,0x00000000e6b80000)
 ParOldGen       total 54272K, used 18781K [0x00000000a0000000, 0x00000000a3500000, 0x00000000e0000000)
  object space 54272K, 34% used [0x00000000a0000000,0x00000000a12577d8,0x00000000a3500000)
 Metaspace       used 34689K, capacity 35183K, committed 35496K, reserved 1081344K
  class space    used 4362K, capacity 4514K, committed 4528K, reserved 1048576K
}
Event: 7.899 GC heap before
{Heap before GC invocations=11 (full 3):
 PSYoungGen      total 61440K, used 47616K [0x00000000e0000000, 0x00000000e6b80000, 0x0000000100000000)
  eden space 47616K, 100% used [0x00000000e0000000,0x00000000e2e80000,0x00000000e2e80000)
  from space 13824K, 0% used [0x00000000e2e80000,0x00000000e2e80000,0x00000000e3c00000)
  to   space 14848K, 0% used [0x00000000e5d00000,0x00000000e5d00000,0x00000000e6b80000)
 ParOldGen       total 54272K, used 18781K [0x00000000a0000000, 0x00000000a3500000, 0x00000000e0000000)
  object space 54272K, 34% used [0x00000000a0000000,0x00000000a12577d8,0x00000000a3500000)
 Metaspace       used 38598K, capacity 39169K, committed 39592K, reserved 1083392K
  class space    used 4836K, capacity 5019K, committed 5040K, reserved 1048576K
Event: 7.910 GC heap after
Heap after GC invocations=11 (full 3):
 PSYoungGen      total 83968K, used 9945K [0x00000000e0000000, 0x00000000e6700000, 0x0000000100000000)
  eden space 73728K, 0% used [0x00000000e0000000,0x00000000e0000000,0x00000000e4800000)
  from space 10240K, 97% used [0x00000000e5d00000,0x00000000e66b6428,0x00000000e6700000)
  to   space 14848K, 0% used [0x00000000e4a00000,0x00000000e4a00000,0x00000000e5880000)
 ParOldGen       total 54272K, used 18789K [0x00000000a0000000, 0x00000000a3500000, 0x00000000e0000000)
  object space 54272K, 34% used [0x00000000a0000000,0x00000000a12597d8,0x00000000a3500000)
 Metaspace       used 38598K, capacity 39169K, committed 39592K, reserved 1083392K
  class space    used 4836K, capacity 5019K, committed 5040K, reserved 1048576K
}

Deoptimization events (10 events):
Event: 7.966 Thread 0x000000001adca800 Uncommon trap: reason=class_check action=maybe_recompile pc=0x000000000586d248 method=java.lang.AbstractStringBuilder.append(Ljava/lang/CharSequence;)Ljava/lang/AbstractStringBuilder; @ 37
Event: 8.136 Thread 0x000000001adca800 Uncommon trap: reason=unstable_if action=reinterpret pc=0x00000000059955f4 method=org.jetbrains.org.objectweb.asm.Type.getType([CI)Lorg/jetbrains/org/objectweb/asm/Type; @ 165
Event: 8.356 Thread 0x000000001adca800 Uncommon trap: reason=unstable_if action=reinterpret pc=0x0000000005c20894 method=org.jetbrains.org.objectweb.asm.ClassReader.readMethod(Lorg/jetbrains/org/objectweb/asm/ClassVisitor;Lorg/jetbrains/org/objectweb/asm/Context;I)I @ 735
Event: 8.467 Thread 0x000000001adca800 Uncommon trap: reason=unstable_if action=reinterpret pc=0x0000000005b3efc0 method=java.util.regex.Pattern$Start.match(Ljava/util/regex/Matcher;ILjava/lang/CharSequence;)Z @ 10
Event: 8.697 Thread 0x000000001adca800 Uncommon trap: reason=bimorphic action=maybe_recompile pc=0x0000000005d493e0 method=org.jetbrains.kotlin.incremental.UtilsKt.record(Lorg/jetbrains/kotlin/incremental/components/LookupTracker;Lorg/jetbrains/kotlin/incremental/components/LookupLocation;Lorg
Event: 8.697 Thread 0x000000001adca800 Uncommon trap: reason=bimorphic action=maybe_recompile pc=0x0000000005d493e0 method=org.jetbrains.kotlin.incremental.UtilsKt.record(Lorg/jetbrains/kotlin/incremental/components/LookupTracker;Lorg/jetbrains/kotlin/incremental/components/LookupLocation;Lorg
Event: 8.697 Thread 0x000000001adca800 Uncommon trap: reason=class_check action=maybe_recompile pc=0x0000000005d49904 method=org.jetbrains.kotlin.incremental.UtilsKt.recordPackageLookup(Lorg/jetbrains/kotlin/incremental/components/LookupTracker;Lorg/jetbrains/kotlin/incremental/components/Look
Event: 8.697 Thread 0x000000001adca800 Uncommon trap: reason=bimorphic action=maybe_recompile pc=0x0000000005e13b38 method=org.jetbrains.kotlin.resolve.DescriptorUtils.getFqNameUnsafe(Lorg/jetbrains/kotlin/descriptors/DeclarationDescriptor;)Lorg/jetbrains/kotlin/name/FqNameUnsafe; @ 1
Event: 8.700 Thread 0x000000001adca800 Uncommon trap: reason=class_check action=maybe_recompile pc=0x0000000005d4936c method=org.jetbrains.kotlin.incremental.UtilsKt.recordPackageLookup(Lorg/jetbrains/kotlin/incremental/components/LookupTracker;Lorg/jetbrains/kotlin/incremental/components/Look
Event: 8.700 Thread 0x000000001adca800 Uncommon trap: reason=class_check action=maybe_recompile pc=0x0000000005d4936c method=org.jetbrains.kotlin.incremental.UtilsKt.recordPackageLookup(Lorg/jetbrains/kotlin/incremental/components/LookupTracker;Lorg/jetbrains/kotlin/incremental/components/Look

Classes redefined (0 events):
No events

Internal exceptions (10 events):
Event: 3.674 Thread 0x000000001adca800 Implicit null exception at 0x00000000054c326f to 0x00000000054c32d9
Event: 3.725 Thread 0x000000001adca800 Exception <a 'java/lang/NoSuchMethodError': java.lang.Object.lambda$comparing$77a9974f$1(Ljava/util/function/Function;Ljava/lang/Object;Ljava/lang/Object;)I> (0x00000000e1d2d980) thrown at [D:\src\AOSP-openjdk-cygwin\jdk8u\hotspot\src\share\vm\interpreter
Event: 3.890 Thread 0x000000001adca800 Exception <a 'java/lang/ArrayIndexOutOfBoundsException': 67> (0x00000000e024eb60) thrown at [D:\src\AOSP-openjdk-cygwin\jdk8u\hotspot\src\share\vm\interpreter\interpreterRuntime.cpp, line 366]
Event: 4.058 Thread 0x000000001adca800 Exception <a 'java/lang/NoSuchMethodError': java.lang.Object.lambda$static$0(I)[Lorg/jetbrains/kotlin/com/intellij/openapi/editor/event/DocumentListener;> (0x00000000e0ab1ad0) thrown at [D:\src\AOSP-openjdk-cygwin\jdk8u\hotspot\src\share\vm\interpreter\li
Event: 4.093 Thread 0x000000001adca800 Exception <a 'java/lang/NoSuchMethodError': java.lang.Object.lambda$static$0(I)[Lorg/jetbrains/kotlin/com/intellij/psi/PsiAnnotation;> (0x00000000e0c98898) thrown at [D:\src\AOSP-openjdk-cygwin\jdk8u\hotspot\src\share\vm\interpreter\linkResolver.cpp, line
Event: 7.333 Thread 0x000000001adca800 Exception <a 'java/lang/NoSuchMethodError': java.lang.Object.lambda$static$0(I)[Lorg/jetbrains/kotlin/com/intellij/psi/PsiElement;> (0x00000000e0091010) thrown at [D:\src\AOSP-openjdk-cygwin\jdk8u\hotspot\src\share\vm\interpreter\linkResolver.cpp, line 58
Event: 7.335 Thread 0x000000001adca800 Exception <a 'java/lang/NoSuchMethodError': java.lang.Object.lambda$static$0(I)[Lorg/jetbrains/kotlin/psi/KtExpression;> (0x00000000e00abc18) thrown at [D:\src\AOSP-openjdk-cygwin\jdk8u\hotspot\src\share\vm\interpreter\linkResolver.cpp, line 584]
Event: 7.497 Thread 0x000000001adca800 Exception <a 'java/lang/NoSuchMethodError': java.lang.Object.lambda$static$0(I)[Lorg/jetbrains/kotlin/psi/KtTypeElement;> (0x00000000e0a24870) thrown at [D:\src\AOSP-openjdk-cygwin\jdk8u\hotspot\src\share\vm\interpreter\linkResolver.cpp, line 584]
Event: 7.795 Thread 0x000000001adca800 Exception <a 'java/lang/NoSuchMethodError': java.lang.Object.lambda$static$0(I)[Lorg/jetbrains/kotlin/psi/KtDeclaration;> (0x00000000e27d9db8) thrown at [D:\src\AOSP-openjdk-cygwin\jdk8u\hotspot\src\share\vm\interpreter\linkResolver.cpp, line 584]
Event: 7.937 Thread 0x000000001adca800 Exception <a 'java/lang/NoSuchMethodError': java.lang.Object.lambda$static$0(I)[Lorg/jetbrains/kotlin/com/intellij/psi/PsiClass;> (0x00000000e01362e8) thrown at [D:\src\AOSP-openjdk-cygwin\jdk8u\hotspot\src\share\vm\interpreter\linkResolver.cpp, line 584]

Events (10 events):
Event: 8.714 loading class org/jetbrains/kotlin/resolve/constants/evaluate/ConstantExpressionEvaluatorVisitor$stringExpressionEvaluator$1
Event: 8.714 loading class org/jetbrains/kotlin/resolve/constants/evaluate/ConstantExpressionEvaluatorVisitor$stringExpressionEvaluator$1 done
Event: 8.714 loading class org/jetbrains/kotlin/com/intellij/psi/impl/source/tree/AstBufferUtil
Event: 8.714 loading class org/jetbrains/kotlin/com/intellij/psi/impl/source/tree/AstBufferUtil done
Event: 8.714 loading class org/jetbrains/kotlin/com/intellij/psi/impl/source/tree/AstBufferUtil$BufferVisitor
Event: 8.714 loading class org/jetbrains/kotlin/com/intellij/psi/impl/source/tree/AstBufferUtil$BufferVisitor done
Event: 8.715 loading class org/jetbrains/kotlin/com/intellij/util/WalkingState
Event: 8.715 loading class org/jetbrains/kotlin/com/intellij/util/WalkingState done
Event: 8.715 loading class org/jetbrains/kotlin/com/intellij/psi/impl/source/tree/RecursiveTreeElementWalkingVisitor$1
Event: 8.715 loading class org/jetbrains/kotlin/com/intellij/psi/impl/source/tree/RecursiveTreeElementWalkingVisitor$1 done


Dynamic libraries:
0x00007ff78bfa0000 - 0x00007ff78bfd1000 	C:\Program Files\Android\Android Studio\jre\jre\bin\java.exe
0x00007ff803e20000 - 0x00007ff804000000 	C:\Windows\SYSTEM32\ntdll.dll
0x00007ff8036d0000 - 0x00007ff80377e000 	C:\Windows\System32\KERNEL32.DLL
0x00007ff800de0000 - 0x00007ff801046000 	C:\Windows\System32\KERNELBASE.dll
0x00007ff8034d0000 - 0x00007ff803571000 	C:\Windows\System32\ADVAPI32.dll
0x00007ff803a00000 - 0x00007ff803a9d000 	C:\Windows\System32\msvcrt.dll
0x00007ff802c00000 - 0x00007ff802c5b000 	C:\Windows\System32\sechost.dll
0x00007ff803260000 - 0x00007ff80337f000 	C:\Windows\System32\RPCRT4.dll
0x00007ff803870000 - 0x00007ff8039ff000 	C:\Windows\System32\USER32.dll
0x00007ff8012d0000 - 0x00007ff8012f0000 	C:\Windows\System32\win32u.dll
0x00007ff803840000 - 0x00007ff803868000 	C:\Windows\System32\GDI32.dll
0x00007ff800c40000 - 0x00007ff800dd3000 	C:\Windows\System32\gdi32full.dll
0x00007ff800280000 - 0x00007ff80031b000 	C:\Windows\System32\msvcp_win.dll
0x00007ff800320000 - 0x00007ff800415000 	C:\Windows\System32\ucrtbase.dll
0x00007fffe7cc0000 - 0x00007fffe7f29000 	C:\Windows\WinSxS\amd64_microsoft.windows.common-controls_6595b64144ccf1df_6.0.16299.665_none_15cbd8769361ff10\COMCTL32.dll
0x00007ff8028f0000 - 0x00007ff802bf7000 	C:\Windows\System32\combase.dll
0x00007ff800bc0000 - 0x00007ff800c32000 	C:\Windows\System32\bcryptPrimitives.dll
0x00007ff8028a0000 - 0x00007ff8028cd000 	C:\Windows\System32\IMM32.DLL
0x000000006d870000 - 0x000000006d942000 	C:\Program Files\Android\Android Studio\jre\jre\bin\msvcr100.dll
0x000000006d950000 - 0x000000006e191000 	C:\Program Files\Android\Android Studio\jre\jre\bin\server\jvm.dll
0x00007ff802c60000 - 0x00007ff802c68000 	C:\Windows\System32\PSAPI.DLL
0x00007ffffdf20000 - 0x00007ffffdf43000 	C:\Windows\SYSTEM32\WINMM.dll
0x00007ffff3380000 - 0x00007ffff338a000 	C:\Windows\SYSTEM32\VERSION.dll
0x00007ffffce30000 - 0x00007ffffce39000 	C:\Windows\SYSTEM32\WSOCK32.dll
0x00007ff802c80000 - 0x00007ff802cec000 	C:\Windows\System32\WS2_32.dll
0x00007ffffdec0000 - 0x00007ffffdeea000 	C:\Windows\SYSTEM32\WINMMBASE.dll
0x00007ff800b70000 - 0x00007ff800bba000 	C:\Windows\System32\cfgmgr32.dll
0x00007ffffcdf0000 - 0x00007ffffcdff000 	C:\Program Files\Android\Android Studio\jre\jre\bin\verify.dll
0x00007fffe4f90000 - 0x00007fffe4fb9000 	C:\Program Files\Android\Android Studio\jre\jre\bin\java.dll
0x00007fffe4f40000 - 0x00007fffe4f56000 	C:\Program Files\Android\Android Studio\jre\jre\bin\zip.dll
0x00007ff8012f0000 - 0x00007ff802728000 	C:\Windows\System32\SHELL32.dll
0x00007ff803b40000 - 0x00007ff803be6000 	C:\Windows\System32\shcore.dll
0x00007ff800420000 - 0x00007ff800b67000 	C:\Windows\System32\windows.storage.dll
0x00007ff803bf0000 - 0x00007ff803c41000 	C:\Windows\System32\shlwapi.dll
0x00007ff800170000 - 0x00007ff800181000 	C:\Windows\System32\kernel.appcore.dll
0x00007ff8001d0000 - 0x00007ff80021c000 	C:\Windows\System32\powrprof.dll
0x00007ff800190000 - 0x00007ff8001ab000 	C:\Windows\System32\profapi.dll
0x00007ffffcde0000 - 0x00007ffffcded000 	C:\Program Files\Android\Android Studio\jre\jre\bin\management.dll
0x00007fffe3a40000 - 0x00007fffe3a5a000 	C:\Program Files\Android\Android Studio\jre\jre\bin\net.dll
0x00007fffff980000 - 0x00007fffff9e6000 	C:\Windows\system32\mswsock.dll
0x00007fffe2eb0000 - 0x00007fffe2ec1000 	C:\Program Files\Android\Android Studio\jre\jre\bin\nio.dll
0x00007fffffb50000 - 0x00007fffffb67000 	C:\Windows\SYSTEM32\CRYPTSP.dll
0x00007fffff580000 - 0x00007fffff5b3000 	C:\Windows\system32\rsaenh.dll
0x00007fffffc90000 - 0x00007fffffcb5000 	C:\Windows\SYSTEM32\bcrypt.dll
0x00007ff8000a0000 - 0x00007ff8000c9000 	C:\Windows\SYSTEM32\USERENV.dll
0x00007fffffb40000 - 0x00007fffffb4b000 	C:\Windows\SYSTEM32\CRYPTBASE.dll
0x00007fffff710000 - 0x00007fffff749000 	C:\Windows\SYSTEM32\IPHLPAPI.DLL
0x00007ff802c70000 - 0x00007ff802c78000 	C:\Windows\System32\NSI.dll
0x00007ffffa2a0000 - 0x00007ffffa2b6000 	C:\Windows\SYSTEM32\dhcpcsvc6.DLL
0x00007ffffa280000 - 0x00007ffffa29a000 	C:\Windows\SYSTEM32\dhcpcsvc.DLL

VM Arguments:
jvm_args: -Djava.awt.headless=true -Djava.rmi.server.hostname=127.0.0.1 -Xmx1536m -Dkotlin.environment.keepalive 
java_command: org.jetbrains.kotlin.daemon.KotlinCompileDaemon --daemon-runFilesPath C:\Users\vlsv__000\AppData\Local\kotlin\daemon --daemon-autoshutdownIdleSeconds=7200 --daemon-compilerClasspath C:\Users\vlsv__000\.gradle\caches\modules-2\files-2.1\org.jetbrains.kotlin\kotlin-compiler-embeddable\1.3.11\a8db6c14f8b8ed74aa11b8379f961587b639c571\kotlin-compiler-embeddable-1.3.11.jar;C:\Users\vlsv__000\.gradle\caches\modules-2\files-2.1\org.jetbrains.kotlin\kotlin-reflect\1.3.11\aae7b33412715e9ed441934c4ffaad1bb80e9d36\kotlin-reflect-1.3.11.jar;C:\Users\vlsv__000\.gradle\caches\modules-2\files-2.1\org.jetbrains.kotlin\kotlin-stdlib\1.3.11\4cbc5922a54376018307a731162ccaf3ef851a39\kotlin-stdlib-1.3.11.jar;C:\Users\vlsv__000\.gradle\caches\modules-2\files-2.1\org.jetbrains.kotlin\kotlin-script-runtime\1.3.11\1ef3a816aeacb9cd051b3ed37e2abf88910f1503\kotlin-script-runtime-1.3.11.jar;C:\Users\vlsv__000\.gradle\caches\modules-2\files-2.1\org.jetbrains.kotlin\kotlin-stdlib-common\1.3.11\d8b8e746e279f1c4f5e08bc14a96b82e6bb1de02\kotlin-stdlib-common-1.3.11.jar;C:\Users\vlsv__000\.gradle\caches\modules-2\files-2.1\org.jetbrains\annotations\13.0\919f0dfe192fb4e063e7dacadee7f8bb9a2672a9\annotations-13.0.jar;C:\Program Files\Android\Android Studio\jre\lib\tools.jar
java_class_path (initial): C:\Users\vlsv__000\.gradle\caches\modules-2\files-2.1\org.jetbrains.kotlin\kotlin-compiler-embeddable\1.3.11\a8db6c14f8b8ed74aa11b8379f961587b639c571\kotlin-compiler-embeddable-1.3.11.jar;C:\Users\vlsv__000\.gradle\caches\modules-2\files-2.1\org.jetbrains.kotlin\kotlin-reflect\1.3.11\aae7b33412715e9ed441934c4ffaad1bb80e9d36\kotlin-reflect-1.3.11.jar;C:\Users\vlsv__000\.gradle\caches\modules-2\files-2.1\org.jetbrains.kotlin\kotlin-stdlib\1.3.11\4cbc5922a54376018307a731162ccaf3ef851a39\kotlin-stdlib-1.3.11.jar;C:\Users\vlsv__000\.gradle\caches\modules-2\files-2.1\org.jetbrains.kotlin\kotlin-script-runtime\1.3.11\1ef3a816aeacb9cd051b3ed37e2abf88910f1503\kotlin-script-runtime-1.3.11.jar;C:\Users\vlsv__000\.gradle\caches\modules-2\files-2.1\org.jetbrains.kotlin\kotlin-stdlib-common\1.3.11\d8b8e746e279f1c4f5e08bc14a96b82e6bb1de02\kotlin-stdlib-common-1.3.11.jar;C:\Users\vlsv__000\.gradle\caches\modules-2\files-2.1\org.jetbrains\annotations\13.0\919f0dfe192fb4e063e7dacadee7f8bb9a2672a9\annotations-13.0.jar;C:\Program Files\Android\Android Studio\jre\lib\tools.jar
Launcher Type: SUN_STANDARD

Environment Variables:
PATH=C:\ProgramData\Oracle\Java\javapath;C:\Program Files (x86)\NVIDIA Corporation\PhysX\Common;C:\Program Files (x86)\Intel\iCLS Client\;C:\Program Files\Intel\iCLS Client\;C:\Windows\system32;C:\Windows;C:\Windows\System32\Wbem;C:\Windows\System32\WindowsPowerShell\v1.0\;C:\Program Files\Intel\Intel(R) Management Engine Components\DAL;C:\Program Files\Intel\Intel(R) Management Engine Components\IPT;C:\Program Files (x86)\Intel\Intel(R) Management Engine Components\DAL;C:\Program Files (x86)\Intel\Intel(R) Management Engine Components\IPT;C:\Program Files (x86)\Common Files\lenovo\easyplussdk\bin;C:\Program Files (x86)\OneScript\\bin;C:\Program Files (x86)\LM4\;C:\Program Files\LM4\;C:\Users\vlsv__000\AppData\Local\Microsoft\WindowsApps;C:\Users\vlsv__000\AppData\Local\Programs\Git\cmd
USERNAME=vlsv__000
OS=Windows_NT
PROCESSOR_IDENTIFIER=Intel64 Family 6 Model 60 Stepping 3, GenuineIntel



---------------  S Y S T E M  ---------------

OS: Windows 10.0 , 64 bit Build 16299 (10.0.16299.431)

CPU:total 4 (initial active 4) (2 cores per cpu, 2 threads per core) family 6 model 60 stepping 3, cmov, cx8, fxsr, mmx, sse, sse2, sse3, ssse3, sse4.1, sse4.2, popcnt, avx, avx2, aes, clmul, erms, lzcnt, ht, tsc, tscinvbit, bmi1, bmi2

Memory: 4k page, physical 8257456k(642304k free), swap 12353456k(4620k free)

vm_info: OpenJDK 64-Bit Server VM (25.152-b06) for windows-amd64 JRE (1.8.0_152-release-1136-b06), built by "builder" with MS VC++ 10.0 (VS2010)

time: Thu Dec 13 20:47:24 2018
elapsed time: 8 seconds (0d 0h 0m 8s)

